44
0
16
8
14
37
21
0
15
160
0
53
0
29
0
4
68
8
29
33
150
65
2
0
0
55
15
0
0
27
0
36
3
80
9
3
57
11
0
1
0
96
77
0
0
0
4
0
0
0
3
4
2
0
0
0
0
38
0
0
13
2
144
1
20
22
0
0
95
20
0
35
2
8
0
6
128
0
12
86
10
81
65
0
1
0
2
0
23
0
0
10
2
6
8
96
0
40
19
0
0
0
35
0
126
0
0
6
28
2
1
2
0
92
0
19
0
0
4
0
11
110
6
3
193
0
0
216
41
0
16
4
32
32
70
0
0
0
2
0
2
37
50
0
0
0
9
27
35
0
4
0
0
0
20
2
63
0
0
11
0
24
37
29
0
28
0
0
30
33
27
3
159
16
11
45
1
18
0
0
17
13
57
7
0
2
0
2
12
27
6
0
117
107
0
78
10
0
0
4
33
0
31
0
57
0
72
6
3
0
11
0
3
4
2
65
0
6
0
23
44
7
23
0
17
17
13
38
81
16
0
10
0
33
5
6
29
97
0
45
9
11
0
32
19
0
14
79
110
22
0
3
145
49
5
0
101
0
28
0
101
36
0
0
70
15
60
1
0
0
0
0
9
18
4
123
3
6
18
22
4
0
13
64
0
43
252
22
0
0
34
52
109
0
20
0
6
73
0
9
9
0
7
9
12
0
2
3
5
0
0
0
176
21
0
0
0
86
6
5
19
24
3
7
0
9
75
0
38
13
127
0
2
9
46
0
21
0
84
12
82
1
4
2
0
12
9
0
0
7
0
6
0
0
0
128
0
94
86
0
43
0
13
0
0
20
0
0
3
4
4
1
30
0
29
0
9
0
0
0
62
20
2
0
2
2
24
124
122
0
17
8
0
0
56
102
30
0
0
3
0
6
2
29
0
125
16
30
0
18
21
47
25
11
63
0
21
3
0
37
4
0
108
0
11
35
103
48
0
1
0
0
41
9
0
113
42
39
0
0
21
1
0
54
0
0
142
0
28
4
5
81
0
0
278
2
26
2
20
58
0
3
7
0
47
1
34
0
27
3
3
0
3
23
0
4
1
1
21
0
0
13
106
28
30
41
65
0
0
1
60
46
6
8
13
6
0
60
1
66
1
2
0
12
17
5
44
14
0
0
42
70
0
1
78
0
20
64
37
0
10
81
4
10
0
5
0
0
4
0
0
6
39
9
15
184
1
120
0
3
0
0
16
0
0
0
47
0
0
9
75
71
0
8
36
2
39
44
0
10
0
0
13
23
0
155
16
0
0
0
24
119
0
15
35
11
0
9
0
0
2
0
7
20
17
0
3
0
82
0
9
0
2
0
0
23
33
0
0
5
0
2
0
0
92
12
4
0
20
7
0
8
2
8
0
98
0
244
63
15
31
55
0
121
9
0
2
0
30
37
23
0
0
0
6
0
1
90
0
0
33
2
12
0
80
49
0
0
1
111
0
32
59
0
17
30
1
0
47
46
16
7
0
65
0
13
23
50
21
63
2
0
70
0
26
215
55
0
96
1
7
123
0
0
22
51
13
13
42
6
2
109
2
61
3
0
0
12
30
50
7
2
39
6
2
0
14
0
64
46
3
37
0
0
0
0
1
0
0
3
0
74
3
94
0
83
3
33
0
6
0
37
5
6
3
0
17
91
0
5
75
13
28
0
129
4
50
106
0
8
0
10
17
15
2
43
0
3
5
0
147
14
6
13
32
0
0
0
102
32
50
63
32
131
76
1
7
84
17
41
11
129
105
0
31
124
163
0
24
0
0
5
29
47
2
194
6
7
0
1
92
0
13
2
12
5
5
81
19
63
0
0
1
0
4
0
12
0
0
34
0
103
0
0
0
12
0
140
1
0
12
17
0
6
0
15
0
268
27
106
3
5
0
0
5
6
0
0
0
76
0
83
90
5
0
0
0
0
0
31
117
11
132
0
0
44
27
99
0
52
0
80
0
102
135
133
6
67
134
135
3
0
104
236
8
72
22
2
0
6
64
31
74
39
146
118
17
37
154
2
5
0
0
49
127
0
181
1
21
0
2
3
0
57
0
0
6
52
2
0
0
109
33
10
1
0
16
4
15
11
130
122
0
0
243
7
0
38
268
101
60
5
18
37
1
2
2
135
31
0
0
1
0
17
0
9
29
7
0
62
25
17
15
0
27
0
0
29
0
0
82
0
46
0
2
0
22
164
113
0
216
97
0
65
44
53
0
0
0
39
33
0
10
29
0
0
0
1
106
0
