16 17 3

63 41 1

1 2 1

56 4 3

15 64 1

12 7 2

14 2 3

43 39 2

14 16 3

22 0 3

19 7 5

53 26 3

6 27 3

5 3 2

52 27 2

48 29 2

6 5 2

34 35 0

21 29 2

17 0 3

89 29 2

12 11 5

67 25 2

6 21 3

21 19 1

51 26 3

4 3 3

31 19 2

73 75 2

2 1 5

33 11 3

49 39 2

19 28 2

1 20 2

33 15 3

29 6 1

19 5 4

49 4 3

13 7 7

64 31 1

5 1 2

84 89 1

22 10 4

14 6 3

15 8 0

3 24 2

0 1 1

62 52 3

15 9 2

96 69 2

17 0 2

29 10 3

2 4 1

34 68 2

49 54 2

51 11 2

40 2 2

0 2 2

10 50 3

0 1 1

9 5 8

11 15 2

18 1 3

10 9 1

15 22 4

9 16 2

68 1 2

17 21 5

53 62 1

4 3 4

11 25 2

36 41 2

21 7 2

32 70 2

19 42 1

85 3 2

1 2 1

11 28 3

10 12 1

42 16 0

3 7 2

27 5 1

3 8 2

11 12 2

40 78 2

0 2 2

76 68 1

20 34 3

1 25 1

23 0 0

0 0 -1

62 67 2

1 9 3

67 90 1

16 14 1

48 25 4

39 43 2

50 10 1

79 5 2

1 2 2

38 53 3

30 19 2

2 1 2

63 33 1

0 28 2

18 64 2

13 19 3

26 20 3

40 7 2

51 40 3

39 58 2

6 28 3

10 25 1

49 30 1

18 0 3

10 25 2

4 42 2

18 32 1

1 34 2

5 14 2

14 21 2

30 34 3

12 4 3

13 14 1

58 50 3

27 5 4

22 23 4

9 39 2

40 18 3

14 22 0

0 0 -1

33 53 2

19 29 2

18 32 4

24 5 3

3 2 2

33 41 3

30 5 0

4 7 5

63 55 3

35 37 1

0 10 6

15 10 1

69 76 1

44 66 2

84 68 2

35 2 3

2 81 2

4 67 1

69 31 2

7 26 4

59 99 2

30 25 5

29 37 0

37 44 3

25 31 3

95 67 3

11 4 8

15 24 2

28 55 4

30 40 2

4 3 0

79 50 1

32 36 2

32 9 1

6 10 4

5 11 2

91 0 2

7 16 2

7 50 2

1 49 1

26 28 4

2 1 2

56 16 2

7 9 3

5 0 4

40 35 3

89 49 1

43 34 3

0 0 -1

0 0 -1

5 9 4

0 0 -1

23 54 1

8 33 3

72 1 2

63 83 2

27 16 1

24 2 0

9 2 7

61 29 2

9 10 5

16 14 3

59 38 2

83 45 2

29 19 3

21 2 4

41 11 2

9 4 3

14 82 2

40 46 0

19 50 2

54 53 4

33 17 2

8 36 2

26 1 2

7 19 3

69 68 2

24 0 5

21 17 3

87 3 3

39 14 1

0 0 -1

78 50 1

53 33 2

45 32 2

34 70 3

12 4 3

18 9 2

21 4 3

35 7 4

13 10 3

46 44 4

49 1 2

20 23 2

21 22 3

41 47 2

4 15 2

22 23 2

10 0 3

3 1 2

29 2 3

43 20 3

0 1 2

22 14 4

62 4 1

41 49 2

37 5 3

94 83 2

7 8 3

4 12 1

92 41 3

1 5 3

53 59 3

6 16 1

71 6 1

29 12 4

63 8 3

2 14 4

23 2 3

53 10 2

4 34 3

57 43 1

40 0 4

28 2 2

14 17 2

62 15 1

35 33 2

8 17 1

19 8 2

14 2 1

19 1 5

0 0 -1

24 26 3

19 24 5

14 46 2

40 34 2

6 12 2

6 38 3

50 5 2

3 0 6

13 21 1

1 13 2

10 26 1

90 86 2

0 0 -1

48 8 1

5 11 0

47 55 2

4 7 2

30 18 2

13 14 3

4 11 5

34 90 1

6 5 6

18 90 2

3 8 5

81 23 1

6 39 1

33 42 2

12 34 3

52 38 2

50 56 2

16 44 3

1 3 2

25 11 3

22 29 3

27 3 2

21 28 3

0 0 -1

4 0 2

83 93 0

0 0 -1

58 76 1

32 10 4

3 37 2

12 3 0

42 45 2

30 12 3

40 90 2

3 15 3

16 5 2

21 15 3

87 90 2

2 4 3

6 21 3

25 30 2

0 1 0

15 7 2

11 8 1

2 37 0

1 0 2

33 58 3

15 8 3

31 15 3

46 56 1

2 6 0

20 17 2

4 11 1

14 49 2

35 18 2

0 7 2

14 50 3

82 21 1

5 59 2

4 5 5

53 45 2

21 52 1

10 30 2

9 14 1

16 57 2

1 31 1

35 32 4

23 24 3

0 1 0

18 6 5

7 9 4

5 54 2

1 5 5

6 0 2

6 20 1

9 0 6

24 33 2

6 31 4

25 22 0

4 1 4

0 22 2

69 16 2

30 10 1

0 43 2

27 48 1

41 62 2

12 11 0

14 51 2

46 45 3

4 14 1

12 11 6

46 22 2

1 4 1

85 89 0

40 12 1

13 1 4

9 2 8

81 68 2

35 56 2

24 25 0

18 2 2

8 33 2

22 5 3

21 45 1

27 58 2

3 41 2

13 35 2

31 29 3

21 2 5

56 37 2

23 14 4

20 9 1

10 24 4

73 53 2

0 5 5

18 1 4

8 4 7

2 1 2

25 78 2

2 3 2

1 0 1

23 89 2

22 11 3

51 1 2

5 14 1

3 53 0

0 1 3

39 60 2

5 3 7

6 5 2

5 0 2

37 36 3

29 8 2

46 30 1

16 39 0

10 34 1

4 0 2

11 26 3

35 40 1

3 55 2

56 78 1

34 31 3

0 1 0

6 16 3

19 46 2

26 51 2

54 62 2

37 42 3

87 41 2

58 23 2

18 8 2

88 76 3

8 2 6

35 28 2

63 9 4

1 4 4

0 15 3

30 10 3

7 10 1

42 15 1

96 35 2

4 8 4

22 5 3

3 60 2

77 92 2

55 86 2

11 31 2

43 6 1

18 2 3

52 42 2

55 32 3

6 30 2

40 6 1

12 2 4

41 86 2

2 14 3

29 40 2

25 22 2

49 54 2

19 59 1

4 3 3

20 13 2

39 33 1

15 10 4

2 25 2

46 27 2

9 7 6

56 71 3

36 22 2

88 40 3

61 36 3

41 64 1

56 87 2

2 31 2

1 0 0

19 37 2

6 1 5

26 36 1

5 0 1

56 2 2

20 21 3

26 81 3

20 58 0

70 9 1

18 57 2

17 18 2

9 5 1

15 16 1

32 38 2

27 4 5

64 65 2

72 44 2

49 76 3

68 3 2

18 65 2

2 38 1

8 9 8

20 13 5

24 34 2

25 47 2

4 72 2

0 0 -1

48 21 3

26 29 3

5 9 2

2 36 3

54 11 2

2 21 0

81 90 2

64 4 1

0 1 4

10 16 3

24 5 5

19 1 3

21 25 3

8 6 5

26 3 2

15 26 2

43 8 1

23 21 2

3 15 4

1 2 1

57 24 1

22 23 2

15 24 4

16 25 2

40 47 2

16 27 2

78 75 2

92 13 3

3 34 3

56 4 1

22 47 2

17 3 1

44 31 1

4 31 3

17 10 3

58 51 1

36 26 2

23 10 2

18 32 2

45 40 3

27 25 1

0 6 3

4 2 3

6 5 4

25 21 3

43 2 2

29 15 4

29 27 3

26 35 2

18 10 2

1 16 1

66 20 2

13 16 4

8 0 2

55 7 1

70 56 1

27 9 1

10 12 2

54 9 3

15 3 4

30 34 0

11 55 2

55 51 1

46 27 0

11 17 2

7 1 1

73 70 2

17 12 3

67 32 2

7 0 3

11 0 3

37 51 0

3 4 4

2 6 2

76 27 2

64 22 2

14 4 5

5 63 4

11 38 3

27 15 1

46 26 3

40 32 2

19 9 5

55 56 2

4 2 2

19 24 2

9 16 1

6 3 6

7 35 0

35 42 1

12 7 1

65 61 2

26 27 2

54 36 1

0 1 3

22 23 2

4 7 6

47 41 2

51 32 3

27 22 3

23 22 3

21 16 3

8 22 3

70 36 4

14 10 1

23 57 1

3 15 2

33 7 2

40 23 0

25 15 3

6 3 3

25 21 2

12 24 3

39 77 3

29 21 2

32 42 2

71 19 0

58 20 2

52 8 2

0 2 2

10 15 2

61 39 3

48 26 3

13 83 3

0 1 1

29 24 4

67 45 2

9 76 1

18 0 2

17 46 2

19 59 2

6 27 3

38 30 3

10 15 4

88 8 1

0 8 6

3 0 4

3 57 2

28 1 2

3 4 3

56 22 1

8 56 4

1 8 2

4 16 7

21 61 1

13 2 0

34 40 1

1 6 1

47 4 2

19 17 0

10 48 2

22 37 3

36 7 1

0 19 3

6 4 1

1 0 1

38 26 2

34 81 2

19 37 2

23 68 1

7 9 9

1 0 3

3 4 4

98 6 2

26 23 3

37 56 2

25 72 2

48 22 2

37 18 0

37 2 1

32 69 2

3 37 2

0 3 3

14 36 2

38 45 2

49 62 1

11 2 3

3 17 1

4 5 0

3 7 2

2 14 2

32 38 3

31 49 3

83 38 2

46 17 0

14 22 3

1 47 2

3 64 3

59 60 3

22 23 3

62 22 3

9 8 2

0 11 2

33 66 2

7 26 2

3 0 2

7 12 1

46 56 3

36 1 2

2 0 0

39 74 2

7 2 2

82 47 0

1 0 4

52 12 0

23 53 2

8 10 3

0 33 1

83 16 3

51 19 0

45 24 1

68 33 2

8 19 1

8 11 4

81 74 3

84 33 0

0 73 1

26 22 2

2 4 4

21 8 3

9 5 8

91 22 2

4 5 2

8 1 7

15 4 2

51 71 2

50 42 2

32 33 0

57 43 1

78 58 2

25 38 2

23 8 0

11 28 2

0 0 -1

34 2 2

4 6 3

10 19 5

27 9 3

56 29 2

2 3 4

45 56 3

47 0 2

6 7 1

6 2 5

35 36 2

3 6 0

7 59 1

31 10 2

18 14 2

32 46 2

84 37 1

41 45 2

36 33 2

49 17 2

2 0 1

31 33 3

11 64 1

1 2 0

3 0 4

0 0 -1

10 21 2

9 4 4

9 76 3

39 36 2

80 35 2

71 47 1

2 0 1

29 53 1

0 0 -1

44 33 3

12 22 2

13 8 1

3 13 3

46 54 1

50 30 4

3 63 2

4 20 4

60 91 2

46 25 2

43 2 1

41 9 2

55 13 1

2 8 6

23 30 4

5 76 2

15 22 2

3 37 2

45 29 2

20 16 1

25 90 1

17 16 2

18 36 3

80 72 3

64 57 2

21 13 3

2 11 2

61 58 2

1 11 3

32 25 2

32 37 3

2 1 1

61 6 2

13 36 3

3 10 2

22 33 2

13 41 3

4 27 3

19 15 2

0 23 5

17 20 1

51 4 2

37 3 3

12 22 2

9 11 4

31 46 3

7 36 3

12 25 3

22 3 2

66 24 2

15 47 2

6 29 2

86 30 0

36 27 3

21 11 1

19 3 0

31 29 1

39 35 4

0 7 6

27 2 3

11 77 1

41 7 3

56 50 2

64 0 2

1 2 3

9 5 0

67 38 2

15 40 2

21 13 0

1 0 0

22 36 0

9 17 3

36 5 2

59 22 2

43 88 2

30 9 4

4 5 3

19 49 3

27 34 2

5 0 2

65 70 2

7 0 5

80 12 1

2 3 2

5 1 6

14 3 2

0 1 0

38 86 1

34 13 1

18 7 6

31 3 2

1 0 0

5 3 4

60 33 1

15 0 3

10 3 5

4 15 5

60 57 2

15 9 6

17 23 2

4 24 3

36 39 0

55 21 3

20 37 2

1 59 3

13 45 3

33 34 3

21 38 1

9 4 1

6 13 6

63 16 2

8 33 2

67 24 2

13 25 2

3 0 5

19 6 3

3 4 1

16 17 4

49 20 2

25 42 2

1 0 3

0 7 4

8 23 1

3 24 4

12 4 1

0 24 0

63 53 2

56 21 2

28 15 2

9 20 4

5 2 2

54 16 2

43 19 2

10 8 2

15 13 5

42 38 0

0 0 -1

43 53 2

0 11 2

20 56 2

23 32 2

42 57 3

34 47 3

52 42 3

3 14 0

2 1 1

28 15 4

43 40 1

5 23 0

18 24 2

99 77 2

22 9 3

2 1 1

13 4 4

36 26 2

0 3 3

5 34 3

18 9 2

2 20 3

54 84 2

3 26 1

22 2 0

77 34 2

4 8 2

29 16 2

30 22 4

10 25 2

0 1 0

15 0 2

60 11 2

66 37 2

42 32 1

4 33 1

1 0 0

30 33 2

11 48 2

4 9 5

0 1 0

49 28 1

2 40 2

20 6 3

12 8 0

0 2 2

12 3 2

20 0 2

17 13 3

35 24 2

45 41 1

9 0 8

64 12 2

16 43 2

78 73 0

59 52 1

49 14 2

41 16 2

1 2 1

16 2 4

46 24 1

20 16 4

52 43 2

3 0 1

13 7 3

11 44 3

20 22 3

19 0 2

19 20 1

44 9 3

21 6 4

0 13 5

22 20 3

4 6 1

17 61 3

2 7 3

43 58 1

14 3 1

14 17 2

22 60 3

3 21 4

2 21 2

2 1 1

50 54 2

4 8 3

1 15 2

4 2 3

27 42 1

8 30 2

37 18 1

0 0 -1

31 30 2

40 31 2

15 2 7

81 47 3

71 73 3
