419
967
1151
799
479
219
611
179
39
111
449
967
23
419
199
391
83
127
7
759
111
1299
1057
1199
577
97
419
577
7
1057
683
127
287
721
1299
543
71
263
1199
511
1249
111
799
647
1299
127
1249
1
1011
479
721
23
479
127
287
143
179
1011
337
49
199
11
577
39
3
611
71
391
1103
449
881
479
391
611
647
199
161
31
1199
1299
337
881
1103
143
1199
923
39
1057
479
287
1299
311
511
199
543
967
161
97
199
97
721
1199
23
3
11
3
759
1011
3
611
577
11
1199
199
1057
23
337
127
1199
241
3
923
419
23
11
199
31
647
799
363
83
363
23
161
143
83
1103
543
1103
219
3
1057
111
799
1
479
7
799
1
337
311
23
111
39
363
391
17
337
83
577
337
287
1011
1103
7
1151
1057
479
923
49
17
967
11
127
127
1199
1199
577
1011
31
241
111
449
647
543
143
337
241
179
1299
59
479
17
23
241
683
647
479
111
39
647
11
31
1057
419
799
391
111
923
363
23
391
59
967
363
39
161
71
11
449
799
3
111
3
1057
83
839
511
839
111
287
59
161
721
1299
111
59
1057
1249
799
881
1199
199
11
199
1249
161
683
71
1011
1011
1011
1151
577
179
161
1103
759
59
179
263
611
39
337
7
1199
3
419
3
219
241
199
7
17
967
311
241
1057
1057
1103
7
967
1011
219
511
647
31
577
543
111
39
199
1011
127
179
449
143
311
199
71
241
479
39
241
143
881
11
17
647
647
161
881
391
49
23
219
683
23
337
49
199
7
179
127
311
17
287
161
363
31
1011
799
391
363
1057
241
611
3
363
923
511
881
1057
577
161
127
1151
143
1
759
647
967
39
419
311
199
3
1
419
161
17
7
543
111
39
449
759
449
543
721
511
143
759
1249
337
17
17
31
611
721
143
543
83
83
683
1199
111
1199
1011
337
721
543
39
161
1299
647
543
143
49
111
449
219
759
97
39
683
39
83
83
419
241
161
263
311
71
799
11
11
1249
511
337
199
39
759
721
31
511
179
83
1057
363
71
111
511
111
49
1057
199
479
419
479
83
449
1011
49
647
179
881
241
967
839
219
241
263
611
71
647
7
7
1
391
363
17
7
23
311
363
647
543
161
1
11
611
839
611
683
23
311
1249
967
1199
199
683
839
39
1299
1057
49
31
967
111
31
1299
1249
127
577
241
39
449
219
71
1249
543
923
199
11
111
647
647
263
219
683
23
1249
311
127
49
577
759
511
1057
479
23
1299
337
219
721
83
97
337
49
363
23
7
1057
1011
1057
511
799
287
1151
97
839
449
199
199
111
1299
647
1299
923
59
1057
721
127
799
611
1011
23
923
721
111
1011
263
1151
59
83
199
3
1103
923
1249
479
647
17
759
49
219
1057
1103
881
1
577
39
83
647
479
7
179
1151
543
337
59
97
311
923
49
287
577
241
17
337
839
683
1103
647
511
337
241
419
3
7
839
683
97
683
83
59
97
143
241
839
799
17
577
97
23
111
1299
111
111
363
219
1057
479
97
11
59
1299
3
287
143
1011
611
881
1249
111
127
127
511
419
839
161
219
1249
839
419
479
7
881
71
111
97
759
219
923
419
511
49
1103
49
1
881
839
97
1299
1011
839
219
39
683
1151
179
611
1151
143
179
31
241
967
419
39
967
839
1011
49
97
881
11
311
391
241
391
449
97
721
363
1299
49
23
391
1151
881
219
143
7
1199
83
23
3
59
363
799
3
511
577
611
39
1299
7
967
923
611
241
11
71
161
263
511
1011
83
543
721
419
1
511
59
759
11
449
647
263
179
577
967
449
287
391
967
611
219
31
83
721
363
1011
287
1249
287
97
1103
219
1249
363
449
39
71
179
97
391
419
799
923
219
1057
419
449
71
1
219
1199
31
17
1151
71
479
1249
721
127
479
839
71
17
1199
161
1
111
1103
479
1151
479
1
3
31
647
337
97
161
479
59
7
967
83
647
31
511
59
39
337
759
143
1249
179
3
7
391
59
11
799
967
59
49
479
161
683
11
647
287
287
11
179
337
759
419
143
1011
179
241
219
391
721
1103
241
71
391
449
799
287
49
31
59
683
23
611
923
543
611
1057
287
71
543
759
1151
59
1011
311
881
967
1299
179
311
31
647
839
263
59
179
1249
179
449
721
59
1057
3
1
1
683
1299
1249
39
799
127
1151
59
967
97
1
611
1151
391
1011
39
11
1011
111
97
923
11
923
363
721
647
1011
1011
11
11
241
97
759
39
923
17
1103
363
143
219
161
799
1103
1103
1
23
17
363
3
881
511
1249
219
59
263
3
219
337
1057
23
241
543
647
83
97
759
127
83
179
1199
881
59
1
59
337
219
111
683
391
287
241
1299
1057
799
1
71
647
1057
31
967
49
7
611
39
419
881
337
881
1249
511
111
923
1249
97
479
1199
799
479
419
263
511
799
127
1151
543
143
683
1151
799
1057
31
39
1
59
611
799
97
199
647
1299
97
611
11
611
11
967
1199
391
311
23
7
39
311
287
39
363
721
1057
263
3
241
97
1011
839
647
143
59
799
161
219
23
11
143
59
577
97
1249
683
363
127
179
419
263
39
1103
577
967
721
839
511
199
511
363
71
3
479
11
759
287
59
1151
59
839
311
721
143
39
759
199
543
511
199
287
161
923
49
759
721
449
179
143
839
17
479
683
287
31
391
1103
161
683
799
83
83
31
263
11
1
1299
111
479
543
683
647
1103
647
1299
337
263
311
17
83
881
127
577
161
31
1249
1249
511
1299
967
449
1151
59
7
363
337
219
3
1151
799
23
161
479
1011
311
923
179
59
3
127
543
1299
647
111
219
1103
721
59
419
543
1057
337
31
71
49
721
1151
49
511
543
199
143
161
839
611
923
1103
83
241
71
83
3
923
511
1199
1249
49
59
311
23
127
1299
39
59
3
3
263
449
287
479
219
311
759
1299
759
721
1
3
419
391
881
391
337
71
577
1151
1103
111
881
839
881
839
1199
337
143
449
1103
1
923
543
17
1103
337
143
923
967
391
11
263
1
1249
241
479
881
799
311
287
1
721
1103
71
799
577
881
49
967
967
611
511
1299
721
1299
3
449
7
363
83
219
23
219
391
263
7
479
923
721
683
143
23
543
219
161
11
337
1
577
83
97
683
161
7
49
287
611
97
11
143
511
363
311
311
647
71
799
1299
449
1199
3
1103
721
71
199
721
1199
161
127
179
7
97
759
577
799
449
363
721
97
83
1011
39
683
17
1299
161
219
263
241
799
611
3
1249
49
1249
1057
7
1057
479
263
287
511
1199
97
161
263
287
1151
337
577
127
543
683
11
1
1011
839
577
419
111
219
449
611
799
219
1151
3
143
511
923
11
611
543
241
49
721
49
839
71
241
7
449
683
83
511
967
577
799
1057
1
1103
83
479
311
799
17
449
161
1057
23
287
97
31
143
1199
1299
1199
543
337
127
49
39
1199
11
1151
449
263
17
759
759
1199
7
1299
111
1057
683
1199
683
287
179
449
543
287
1299
391
7
839
839
1299
143
419
39
449
611
363
577
449
759
449
17
161
419
97
3
363
419
1
83
31
363
17
337
83
287
881
543
287
31
511
127
479
1
199
967
179
1103
241
1151
839
127
839
363
161
219
1
17
1151
199
647
1103
363
97
839
263
17
337
391
17
17
143
111
1
647
391
11
7
311
391
1151
179
419
1199
721
1151
199
759
839
17
23
11
143
263
23
759
97
479
49
391
1199
219
967
83
161
759
31
23
839
479
967
967
17
1151
449
391
923
311
1299
161
31
881
17
881
111
179
721
647
71
199
263
1151
759
337
49
59
543
967
337
59
23
391
759
143
83
71
1011
97
759
143
263
1151
199
31
23
311
881
311
419
419
1151
1151
881
49
923
287
967
799
1299
17
1103
179
1057
479
17
241
311
111
683
543
49
97
419
839
219
49
881
241
363
419
287
337
967
839
263
577
263
31
127
311
363
31
479
241
479
363
391
219
759
59
263
511
611
1057
881
511
111
1103
1249
11
3
337
449
241
7
967
111
1199
923
1011
31
3
1299
449
1011
1011
83
17
923
287
31
1103
1
363
1299
97
199
49
7
83
127
683
647
577
263
179
7
263
967
923
1299
263
161
97
161
881
1057
1151
419
7
577
511
49
31
23
391
1151
1103
23
419
31
1103
647
511
59
647
3
127
1
39
111
39
83
881
683
611
23
143
881
49
337
967
1299
1057
1199
419
179
923
263
49
799
39
391
199
199
721
1151
7
391
683
241
967
1
479
111
721
311
611
611
71
39
337
31
1151
1
799
31
287
923
71
337
127
143
219
23
1011
287
391
449
721
1249
1057
179
263
161
611
1249
311
127
1199
161
17
219
721
721
1199
1199
59
839
511
161
3
511
3
39
263
759
263
511
179
363
11
543
59
839
199
1
511
1249
1057
1
543
1199
611
287
543
3
17
1199
17
683
127
1151
1103
1011
799
49
391
83
311
1057
263
127
39
39
511
543
799
1199
759
923
543
7
419
759
799
543
577
839
419
111
219
161
391
1
179
179
311
23
479
17
923
23
881
611
449
759
1249
923
311
759
199
577
1249
1011
721
287
337
143
59
17
799
161
143
161
97
363
83
1249
241
11
419
71
967
543
881
683
241
49
543
611
577
263
179
419
143
839
511
647
611
3
721
71
1151
647
179
363
263
1011
1199
923
647
1151
1
219
1199
449
263
881
1249
127
311
799
83
11
263
1249
59
543
1249
543
881
721
419
23
219
59
1103
241
923
759
7
263
1
1199
1299
127
881
839
219
1249
363
49
1011
199
23
1249
1151
311
7
287
83
71
967
611
967
49
49
59
923
179
143
1151
23
71
127
759
17
759
1057
97
923
1199
71
263
111
199
363
17
1011
71
179
449
1199
923
71
31
11
11
1103
263
391
577
219
1057
3
199
611
337
31
199
923
799
71
7
1103
83
1
143
7
759
1103
363
1199
311
577
923
219
11
449
161
39
3
179
683
143
287
1249
647
31
511
683
337
49
39
337
179
759
1103
179
127
967
311
337
1199
611
59
759
7
647
1057
97
71
311
881
923
83
479
1151
1011
839
511
1151
839
391
577
419
7
311
3
683
97
31
287
1249
241
839
1011
71
1299
143
1057
419
97
199
11
83
577
17
83
543
97
11
39
391
363
611
1011
647
111
543
881
83
839
543
199
143
31
49
127
511
923
39
721
127
287
1249
71
311
799
7
23
1011
449
23
683
311
1249
1011
337
799
241
881
543
721
337
881
839
479
1103
71
577
391
97
311
611
263
59
127
11
31
1011
967
759
799
839
59
1151
71
799
419
881
449
683
683
759
967
363
7
71
39
179
83
363
49
71
683
543
127
1
923
799
199
263
479
263
391
1057
199
1199
111
241
23
1299
161
611
161
611
337
923
3
127
17
577
449
577
449
199
179
23
881
49
111
1249
363
577
923
799
839
1151
241
241
1199
721
543
683
39
839
363
419
419
721
83
721
199
683
1103
311
1299
1249
287
127
419
127
23
3
923
611
39
1057
127
17
1299
577
683
49
17
391
511
577
59
1151
219
759
111
1299
127
419
241
647
241
3
311
1
199
263
419
49
683
1199
179
11
287
7
881
31
683
967
143
311
1
71
1103
683
1103
1011
111
647
647
577
577
179
1103
391
1
241
1
839
479
419
479
1151
1249
127
111
3
49
143
311
161
577
71
1057
1103
721
219
3
1151
161
97
479
967
1
449
23
759
759
7
17
219
577
647
577
363
161
31
839
11
363
287
1103
391
391
337
287
71
31
967
721
287
59
1
511
1103
511
127
1011
311
611
263
83
967
449
7
543
881
17
479
199
241
7
179
97
1249
577
287
881
683
1
1299
97
543
391
11
241
1299
143
479
683
199
287
241
611
511
1249
179
759
839
881
31
71
881
449
179
1103
287
611
923
143
449
1011
31
577
31
263
363
143
17
391
143
449
17
31
967
59
71
721
