Sums of 272:
NONE
Sums of 683:
NONE
Sums of 295:
97+83+73+42
97+83+59+33+23
97+75+64+59
97+64+59+42+33
83+75+73+64
83+73+64+42+33
75+73+49+42+33+23
Sums of 240:
NONE
Sums of 442:
100+100+86+64+34+32+19+4+2+1
Sums of 132:
68+46+18
50+46+36
Sums of 970:
NONE
Sums of 873:
NONE
Sums of 186:
70+43+28+24+18+2+1
Sums of 171:
NONE
Sums of 310:
100+100+48+29+20+8+3+2
Sums of 663:
NONE
Sums of 355:
93+87+83+69+23
93+87+76+69+30
93+87+76+37+30+23+9
93+83+76+37+36+30
93+83+76+36+30+28+9
93+83+69+37+36+28+9
93+76+69+36+30+28+23
83+76+69+37+30+28+23+9
Sums of 606:
NONE
Sums of 772:
NONE
Sums of 412:
NONE
Sums of 675:
100+100+100+90+81+68+48+42+32+4+4+2+1+1+1+1
Sums of 845:
100+100+100+100+100+100+100+72+31+19+12+8+2+1
Sums of 848:
NONE
Sums of 143:
71+33+30+7+1+1
Sums of 975:
NONE
Sums of 253:
NONE
Sums of 22:
14+3+3+1+1
Sums of 311:
NONE
Sums of 406:
100+100+100+61+30+14+1
Sums of 28:
NONE
Sums of 580:
100+100+100+100+76+61+22+11+5+3+2
Sums of 484:
NONE
Sums of 103:
51+31+6+4+4+3+2+2
Sums of 304:
NONE
Sums of 975:
NONE
Sums of 700:
NONE
Sums of 387:
100+67+52+46+35+28+22+12+10+6+6+2+1
Sums of 210:
76+74+37+23
76+70+33+31
Sums of 300:
87+82+66+35+30
87+80+67+66
82+80+67+41+30
82+67+66+66+19
Sums of 669:
NONE
Sums of 365:
92+84+75+75+39
84+75+73+45+43+39+6
75+75+73+54+45+43
75+75+73+54+43+39+6
Sums of 424:
NONE
Sums of 714:
100+100+100+100+100+100+52+41+16+3+2
Sums of 127:
86+17+15+8+1
Sums of 541:
NONE
Sums of 998:
100+100+100+100+100+100+100+97+82+52+34+30+2+1
Sums of 605:
NONE
Sums of 941:
100+100+100+100+100+100+85+83+78+27+26+20+15+5+2
Sums of 474:
100+100+100+79+71+19+2+2+1
Sums of 997:
NONE
Sums of 880:
NONE
Sums of 473:
NONE
Sums of 146:
100+25+18+3
Sums of 222:
89+57+47+26+2+1
Sums of 663:
NONE
Sums of 796:
100+100+100+100+100+100+100+45+41+6+2+1+1
Sums of 659:
NONE
Sums of 785:
NONE
Sums of 610:
NONE
Sums of 986:
NONE
Sums of 324:
NONE
Sums of 841:
NONE
Sums of 927:
NONE
Sums of 772:
NONE
Sums of 6:
4+2
Sums of 186:
69+69+48
69+69+25+23
Sums of 555:
NONE
Sums of 787:
NONE
Sums of 475:
NONE
Sums of 696:
NONE
Sums of 660:
100+100+100+100+100+45+37+35+30+11+2
Sums of 515:
NONE
Sums of 274:
NONE
Sums of 231:
84+73+46+28
Sums of 159:
84+62+13
62+56+39+2
62+42+40+13+2
56+39+37+27
42+40+37+27+13
Sums of 907:
NONE
Sums of 712:
NONE
Sums of 203:
58+58+40+27+20
Sums of 352:
NONE
Sums of 952:
100+100+100+100+100+100+100+77+62+51+37+8+6+4+4+3
Sums of 541:
100+100+100+85+56+24+20+15+12+8+6+6+5+3+1
Sums of 699:
NONE
Sums of 273:
NONE
Sums of 840:
NONE
Sums of 349:
NONE
Sums of 337:
NONE
Sums of 648:
NONE
Sums of 946:
100+100+100+100+100+100+100+100+98+34+14
Sums of 183:
NONE
Sums of 129:
100+16+6+4+3
Sums of 963:
NONE
Sums of 246:
NONE
Sums of 73:
32+29+5+5+1+1
Sums of 600:
NONE
Sums of 704:
NONE
Sums of 661:
NONE
Sums of 173:
NONE
Sums of 439:
100+100+100+52+33+16+16+9+8+4+1
Sums of 788:
NONE
Sums of 308:
97+94+74+18+14+11
97+94+55+28+23+11
97+93+84+23+11
97+93+55+45+18
97+84+74+28+14+11
97+74+55+45+23+14
94+93+84+23+14
94+93+55+23+18+14+11
94+93+45+28+23+14+11
94+84+74+45+11
93+84+74+28+18+11
93+84+55+28+23+14+11
93+74+55+45+23+18
Sums of 498:
NONE
Sums of 414:
NONE
Sums of 364:
NONE
Sums of 468:
NONE
Sums of 86:
78+8
75+10+1
Sums of 389:
90+76+47+44+41+38+27+26
90+76+47+44+41+35+29+27
Sums of 696:
100+100+100+100+100+100+30+21+15+9+7+4+4+3+2+1
Sums of 783:
100+100+100+100+100+100+69+41+34+16+13+7+1+1+1
Sums of 882:
NONE
Sums of 956:
NONE
Sums of 97:
NONE
Sums of 933:
NONE
Sums of 463:
91+71+56+55+55+42+32+23+18+15+5
Sums of 773:
NONE
Sums of 250:
99+88+39+15+9
99+76+60+15
99+60+52+39
93+88+69
93+88+60+9
93+53+41+39+15+9
88+69+52+41
88+60+52+41+9
76+69+53+52
76+60+53+52+9
Sums of 524:
99+88+88+85+54+45+37+10+10+8
Sums of 932:
NONE
Sums of 127:
67+28+21+4+4+3
Sums of 683:
NONE
Sums of 98:
NONE
Sums of 452:
100+100+100+74+62+10+6
Sums of 279:
NONE
Sums of 819:
NONE
Sums of 707:
NONE
Sums of 476:
100+100+100+100+29+19+14+7+5+1+1
Sums of 871:
100+100+100+100+100+100+98+33+30+27+27+23+21+9+2+1
Sums of 356:
80+78+66+41+41+25+16+9
80+78+66+41+41+25+12+9+4
80+69+66+55+41+41+4
80+69+66+55+41+25+16+4
Sums of 134:
NONE
Sums of 26:
25+1
Sums of 220:
NONE
Sums of 366:
100+96+77+46+42+3+1+1
Sums of 923:
NONE
Sums of 982:
NONE
Sums of 395:
NONE
Sums of 736:
100+100+100+100+100+67+47+43+36+29+6+5+1+1+1
Sums of 612:
NONE
Sums of 277:
91+72+44+32+32+6
91+60+35+32+32+21+6
72+63+60+44+32+6
Sums of 65:
NONE
Sums of 420:
NONE
Sums of 769:
NONE
Sums of 187:
NONE
Sums of 253:
87+70+52+44
54+53+46+44+38+18
Sums of 449:
100+100+88+70+37+26+23+5
Sums of 772:
NONE
Sums of 44:
NONE
Sums of 816:
NONE
Sums of 860:
NONE
Sums of 208:
100+95+11+1+1
Sums of 230:
99+85+46
99+49+46+34+2
Sums of 174:
100+55+19
100+50+24
53+39+39+24+19
44+39+39+33+19
44+39+33+24+19+15
Sums of 75:
57+12+3+2+1
Sums of 222:
80+76+61+5
80+75+67
75+61+45+41
Sums of 533:
100+100+100+100+83+42+5+3
Sums of 673:
NONE
Sums of 705:
NONE
Sums of 891:
NONE
Sums of 850:
NONE
Sums of 778:
NONE
Sums of 341:
NONE
Sums of 504:
NONE
Sums of 945:
NONE
Sums of 367:
100+82+59+58+21+18+14+9+3+3
Sums of 223:
91+83+49
91+77+49+6
91+65+53+8+6
91+53+51+22+6
91+53+49+22+8
83+77+49+8+6
83+65+53+22
83+53+51+22+8+6
77+65+53+22+6
77+65+51+22+8
Sums of 971:
NONE
Sums of 655:
NONE
Sums of 749:
NONE
Sums of 74:
36+35+3
Sums of 315:
100+100+44+32+13+13+7+4+1+1
Sums of 225:
NONE
Sums of 486:
97+92+81+80+74+62
Sums of 837:
NONE
Sums of 132:
74+40+18
61+44+27
Sums of 449:
NONE
Sums of 290:
100+83+50+50+5+1+1
Sums of 448:
NONE
Sums of 185:
88+77+20
Sums of 570:
NONE
Sums of 615:
NONE
Sums of 774:
NONE
Sums of 194:
NONE
Sums of 28:
14+7+2+2+1+1+1
Sums of 251:
NONE
Sums of 331:
NONE
Sums of 146:
88+24+17+10+4+1+1+1
Sums of 847:
NONE
Sums of 140:
NONE
Sums of 386:
100+100+67+57+37+23+2
Sums of 614:
NONE
Sums of 5:
NONE
Sums of 618:
NONE
Sums of 130:
NONE
Sums of 588:
NONE
Sums of 235:
NONE
Sums of 908:
100+100+100+100+100+100+100+92+75+17+13+7+4
Sums of 529:
NONE
Sums of 142:
70+33+32+4+2+1
Sums of 982:
NONE
Sums of 176:
NONE
Sums of 243:
NONE
Sums of 506:
100+100+100+89+44+39+28+6
Sums of 281:
95+64+53+51+18
83+81+66+51
83+81+64+53
83+81+53+51+13
83+81+51+48+18
83+73+64+48+13
83+68+66+64
83+68+66+51+13
83+68+64+53+13
83+68+64+48+18
83+68+51+48+18+13
83+66+53+48+18+13
81+73+66+48+13
81+68+66+53+13
81+68+66+48+18
81+68+53+48+18+13
Sums of 302:
86+69+60+44+41+2
Sums of 832:
100+100+100+100+100+100+95+76+48+7+3+3
Sums of 923:
100+100+100+100+100+100+100+64+54+34+30+30+9+1+1
Sums of 100:
33+28+21+12+4+1+1
Sums of 170:
NONE
Sums of 957:
NONE
Sums of 652:
100+100+100+100+100+100+18+18+11+5
Sums of 682:
100+100+100+100+100+97+37+26+10+7+2+2+1
Sums of 875:
100+100+100+100+100+100+100+69+37+34+13+7+7+4+2+1+1
Sums of 818:
NONE
Sums of 915:
NONE
Sums of 523:
NONE
Sums of 170:
100+39+31
Sums of 30:
30
Sums of 621:
NONE
Sums of 229:
NONE
Sums of 277:
NONE
Sums of 215:
NONE
Sums of 187:
NONE
Sums of 621:
100+100+100+100+98+60+29+19+10+4+1
Sums of 191:
100+54+19+10+4+2+2
Sums of 411:
NONE
Sums of 941:
NONE
Sums of 877:
NONE
Sums of 986:
NONE
Sums of 177:
100+41+27+9
100+28+27+13+9
79+71+27
79+66+28+4
79+41+27+26+4
79+28+27+26+13+4
71+66+27+13
71+66+27+9+4
66+41+27+26+13+4
Sums of 911:
NONE
Sums of 267:
NONE
Sums of 424:
NONE
Sums of 634:
NONE
Sums of 241:
100+100+18+16+6+1
Sums of 220:
NONE
Sums of 462:
NONE
Sums of 863:
NONE
Sums of 325:
95+66+59+50+49+6
95+66+59+50+42+13
95+66+59+50+36+13+6
95+66+59+50+33+16+6
95+66+59+42+41+16+6
95+66+50+49+36+16+13
95+59+49+42+41+33+6
95+59+42+41+36+33+13+6
95+49+42+41+36+33+16+13
66+59+49+42+41+33+16+13+6
Sums of 447:
100+100+100+100+36+6+4+1
Sums of 285:
100+90+76+12+2+2+1+1+1
Sums of 508:
NONE
Sums of 171:
88+64+19
88+42+22+19
88+25+22+19+17
62+42+42+25
Sums of 926:
NONE
Sums of 136:
98+38
93+38+5
51+42+38+5
Sums of 837:
100+100+100+100+100+93+80+73+32+25+15+10+3+2+2+2
Sums of 714:
NONE
Sums of 563:
NONE
Sums of 810:
NONE
Sums of 28:
23+5
Sums of 688:
NONE
Sums of 98:
98
Sums of 565:
97+87+79+70+69+52+47+39+25
Sums of 42:
NONE
Sums of 656:
99+95+93+87+69+68+52+50+39+4
Sums of 509:
99+94+83+81+80+72
99+94+83+81+52+32+30+26+12
99+94+83+72+52+41+30+26+12
99+94+81+80+72+41+30+12
99+94+81+80+52+41+32+30
99+94+81+72+52+41+32+26+12
99+83+81+80+72+52+30+12
94+83+81+80+72+41+32+26
83+81+80+72+52+41+32+30+26+12
Sums of 687:
NONE
Sums of 801:
NONE
Sums of 33:
NONE
Sums of 767:
NONE
Sums of 553:
NONE
Sums of 703:
NONE
Sums of 140:
94+35+11
69+47+24
Sums of 363:
100+100+66+28+23+20+14+6+5+1
Sums of 282:
97+84+53+41+7
97+80+67+38
97+70+67+41+7
84+80+70+41+7
84+70+67+53+8
84+70+67+38+8+8+7
84+67+67+41+8+8+7
80+70+53+41+38
80+67+67+53+8+7
67+67+53+41+38+8+8
Sums of 24:
15+9
Sums of 448:
100+100+100+100+38+4+3+1+1+1
Sums of 940:
NONE
Sums of 141:
NONE
Sums of 646:
NONE
Sums of 207:
97+89+21
97+62+48
92+80+29+6
89+62+29+21+6
80+77+29+21
Sums of 934:
NONE
Sums of 882:
NONE
Sums of 1:
1
Sums of 226:
100+81+28+13+3+1
Sums of 31:
NONE
Sums of 314:
NONE
Sums of 34:
17+9+7+1
Sums of 152:
100+27+11+5+3+2+2+1+1
Sums of 193:
75+64+54
64+54+45+30
Sums of 348:
NONE
Sums of 293:
NONE
Sums of 782:
NONE
Sums of 547:
100+100+100+100+52+45+26+23+1
Sums of 212:
88+67+42+15
88+67+37+20
88+62+42+20
88+62+27+20+15
88+60+37+27
88+60+31+20+13
67+62+37+31+15
67+60+37+20+15+13
67+42+37+31+20+15
62+60+42+20+15+13
62+42+37+31+27+13
60+42+37+31+27+15
Sums of 293:
NONE
Sums of 431:
NONE
Sums of 934:
NONE
Sums of 168:
51+48+32+30+5+1+1
Sums of 464:
NONE
Sums of 769:
NONE
Sums of 490:
NONE
Sums of 248:
96+84+37+24+7
96+59+38+24+24+7
84+65+38+37+24
Sums of 278:
NONE
Sums of 361:
NONE
Sums of 419:
100+100+83+58+55+15+8
Sums of 160:
NONE
Sums of 243:
100+100+31+6+3+1+1+1
Sums of 339:
100+100+67+63+7+1+1
Sums of 547:
NONE
Sums of 212:
96+68+20+16+7+5
Sums of 962:
NONE
Sums of 168:
NONE
Sums of 875:
100+100+100+100+100+100+100+86+50+14+10+8+5+2
Sums of 154:
100+51+2+1
Sums of 566:
100+100+100+100+92+72+2
Sums of 8:
3+3+1+1
Sums of 200:
100+51+21+19+3+3+2+1
Sums of 414:
100+100+100+33+24+19+18+14+4+1+1
Sums of 595:
NONE
Sums of 344:
99+89+84+34+21+9+8
99+89+81+45+22+8
99+89+81+45+21+9
99+89+81+34+24+9+8
99+89+81+24+22+21+8
99+84+81+34+24+22
89+84+81+45+24+21
Sums of 868:
100+100+100+100+100+100+100+72+39+28+24+2+2+1
Sums of 568:
90+89+87+80+73+65+46+38
90+87+80+79+73+65+48+46
Sums of 642:
NONE
Sums of 732:
NONE
Sums of 764:
NONE
Sums of 229:
100+52+37+15+12+7+2+2+1+1
Sums of 687:
NONE
Sums of 853:
NONE
Sums of 554:
NONE
Sums of 651:
NONE
Sums of 952:
NONE
Sums of 836:
NONE
Sums of 925:
100+100+100+100+100+100+100+73+55+48+42+6+1
Sums of 478:
NONE
Sums of 463:
100+100+100+63+45+30+9+6+5+4+1
Sums of 701:
100+100+100+100+100+87+86+10+8+5+2+2+1
Sums of 72:
NONE
Sums of 678:
NONE
Sums of 970:
NONE
Sums of 671:
NONE
Sums of 758:
NONE
Sums of 740:
100+100+100+100+78+65+59+43+39+20+15+11+4+3+2+1
Sums of 109:
96+9+4
77+23+9
73+23+9+4
Sums of 682:
NONE
Sums of 392:
NONE
Sums of 39:
30+4+3+1+1
Sums of 544:
NONE
Sums of 380:
NONE
Sums of 75:
72+2+1
Sums of 755:
NONE
Sums of 790:
100+100+100+100+100+93+57+26+26+23+13+13+11+10+6+5+4+2+1
Sums of 756:
NONE
Sums of 678:
NONE
Sums of 693:
100+100+100+100+100+75+44+38+19+12+3+1+1
Sums of 126:
93+33
Sums of 667:
100+100+100+100+100+58+37+20+19+11+6+5+4+3+2+1+1
Sums of 469:
NONE
Sums of 48:
NONE
Sums of 667:
NONE
Sums of 725:
NONE
Sums of 873:
NONE
Sums of 809:
NONE
Sums of 971:
100+100+100+100+100+100+94+93+56+42+31+15+15+8+6+5+4+2
Sums of 724:
NONE
Sums of 383:
99+94+54+48+34+27+19+8
99+94+48+34+34+28+27+19
94+91+54+48+34+34+28
94+91+48+34+34+28+27+19+8
Sums of 790:
100+100+100+100+100+100+63+30+28+27+12+11+6+5+4+3+1
Sums of 502:
NONE
Sums of 839:
NONE
Sums of 611:
NONE
Sums of 991:
NONE
Sums of 521:
NONE
Sums of 796:
100+100+100+100+100+100+76+67+44+6+3
Sums of 865:
NONE
Sums of 965:
100+100+100+100+100+100+100+100+72+52+12+11+9+7+2
Sums of 388:
100+90+80+46+28+16+12+8+3+2+2+1
Sums of 403:
NONE
Sums of 231:
NONE
Sums of 813:
100+100+100+100+100+77+57+51+41+38+24+13+8+2+2
Sums of 161:
NONE
Sums of 726:
100+100+100+100+100+100+68+25+13+11+5+3+1
Sums of 788:
100+100+100+100+100+100+73+50+19+11+11+10+8+3+2+1
Sums of 181:
62+61+21+20+13+2+1+1
Sums of 704:
100+100+100+100+100+64+50+35+32+7+5+4+2+2+1+1+1
Sums of 983:
NONE
Sums of 326:
NONE
Sums of 230:
100+62+33+14+13+4+3+1
Sums of 618:
NONE
Sums of 896:
100+100+100+100+100+100+100+100+45+41+10
Sums of 657:
100+100+100+100+84+76+49+24+8+8+3+3+2
Sums of 874:
NONE
Sums of 703:
NONE
Sums of 282:
93+93+43+41+12
Sums of 744:
100+100+100+100+100+100+62+35+26+8+5+3+3+2
Sums of 513:
100+100+100+80+63+23+19+13+11+4
Sums of 305:
100+93+69+27+9+5+1+1
Sums of 467:
100+99+96+67+47+40+17+1
100+99+96+52+42+40+20+17+1
100+99+67+52+47+42+40+20
Sums of 254:
93+77+61+13+10
93+61+54+46
77+61+54+46+13+3
Sums of 988:
100+100+100+100+100+100+100+77+61+50+43+32+13+10+1+1
Sums of 284:
100+100+42+37+2+1+1+1
Sums of 521:
NONE
Sums of 698:
NONE
Sums of 361:
NONE
Sums of 832:
NONE
Sums of 754:
NONE
Sums of 206:
NONE
Sums of 761:
100+100+100+100+100+100+77+66+6+6+3+2+1
Sums of 788:
NONE
Sums of 371:
100+98+81+59+19+6+4+2+1+1
Sums of 597:
100+100+100+100+76+75+41+2+2+1
Sums of 768:
NONE
Sums of 927:
NONE
Sums of 15:
NONE
Sums of 75:
50+25
44+25+6
Sums of 9:
NONE
Sums of 412:
NONE
Sums of 813:
NONE
