977384
999647
945076
972441
989205
997468
989928
997830
996974
993363
975886
962810
989086
968661
996706
948413
993896
992391
974496
931440
985172
989366
994929
992545
978277
997690
997550
996388
983739
970509
951388
810444
997043
977850
998335
997083
961218
993195
967013
993518
938473
987598
991133
987803
998571
970304
987350
991359
971963
996297
986270
626153
996638
980547
947326
997098
997490
801900
997444
999594
985065
985503
988219
998596
756343
995989
935184
985215
974135
939127
43719
982065
990747
981445
994051
999773
992849
995849
995288
980915
985374
993315
994473
990072
986682
990089
996275
999292
988852
990897
997995
953832
997466
977143
953752
998530
964882
992881
998150
983044
945905
969715
964578
994122
999060
999060
996985
985951
771706
957916
995151
996813
966082
979953
991447
987868
874192
986835
941547
970980
987426
997523
955506
944495
939373
992324
995039
978186
994566
997777
907289
926470
989871
960148
999891
998233
992313
959699
928087
997196
994839
979086
990672
971221
990817
988752
983455
990042
990957
995406
970924
980185
984537
986932
881115
978106
989350
993675
995100
999676
996937
995901
995086
978246
986036
984764
978605
998824
922646
977790
981065
974064
977038
977894
968551
997751
992748
977135
999983
996585
995091
849079
952087
943236
980686
895013
998909
981041
970605
810498
978472
992107
955147
829197
987814
966488
993209
991335
992656
992260
989306
982799
994548
976064
966389
987873
926008
983977
998013
271202
997612
873280
991722
959625
995363
973320
942267
991654
759358
799144
967496
997370
946358
987100
964506
995467
996169
983107
962798
986485
974152
997540
989135
979438
991098
998754
984396
998387
951465
986785
997583
984285
915913
982914
979099
972451
842797
979571
995461
970346
985065
984963
993244
999793
997053
959506
938462
998430
999324
998824
988493
949761
984645
967029
930045
995387
884662
991515
960744
987790
996511
986724
992769
307275
995850
967731
997937
980455
996021
979028
995573
982722
984296
991423
236042
990017
994977
972978
995072
907121
992262
974248
993305
964566
987398
977619
930748
934568
485415
997166
995728
980447
816369
961424
991952
990301
998160
999256
994248
991501
948020
975457
961184
971144
854740
969047
953481
997295
997264
986654
929583
958998
749084
999581
992838
998375
984517
980113
976035
989997
987415
977607
972297
996793
951327
999782
959108
998828
989578
853785
977369
996099
568968
977412
998646
961245
953077
998724
996911
971314
995028
971702
997440
983556
991420
958071
995898
987833
996854
979635
996007
997358
995096
988388
940236
997919
996957
999201
978812
984213
994673
992396
959015
996099
991508
976517
994965
998145
995238
874284
995056
971793
994801
995245
986915
997765
988351
995168
964352
995946
974408
895376
960696
991027
940050
950444
980755
977613
889822
991331
963901
992023
839049
992569
999304
918585
994875
994163
996377
993334
988256
993208
978337
977314
998652
993039
994878
978199
987123
933068
988988
996354
938017
988982
981988
967322
999525
994431
961576
979552
980308
854297
991761
993780
991574
927045
995093
971615
996735
317700
984808
930605
996391
904085
996632
995243
992665
991735
995839
909500
980464
968842
997542
987158
999402
991390
995060
978570
976222
983796
989035
986802
996153
978871
987413
732281
984525
982386
995171
975922
972143
992159
999488
991054
979315
939952
994680
998924
994293
918380
207597
995917
975647
982074
981244
999783
967710
993873
636710
998200
995998
995229
991750
965635
982298
994032
985170
979802
950761
991757
992774
839240
990016
992901
994683
992625
965782
995522
984231
986252
997748
784079
983172
972795
994233
934968
992928
967043
971236
830718
971177
999198
971608
984484
996635
991131
950250
989976
997763
999023
964032
974465
994349
975465
993675
999854
819095
943835
990477
989588
981341
980780
983463
998989
977406
999791
960338
967163
999456
895463
976418
999527
983604
992557
861298
909872
951107
999723
954153
993059
980469
999871
990297
997825
999327
991714
997612
985207
977078
977379
977611
912074
958143
974154
975720
847748
851855
992450
967922
982939
990378
980554
923215
956682
976275
918603
982973
998874
989237
968926
985719
989785
979302
941099
980132
956445
979649
957606
956061
11200
978247
629405
968920
838052
987903
996173
991021
995007
662403
980397
978370
965429
973691
992641
993461
996055
956306
950384
996822
778176
981960
999786
619683
971778
998320
987120
989339
946928
987289
961786
997392
990152
988397
987526
991085
999081
999191
927242
890974
867951
770838
977279
988225
963937
994996
974570
986279
955404
990900
994994
988414
981566
984783
992502
985257
958214
958926
992026
990606
978273
993846
992169
960622
997169
991346
956483
990282
997739
974598
999011
874200
914105
992686
992050
999122
956285
998513
910365
987417
997366
989876
990773
991323
991129
984695
989814
978296
973897
996292
979168
665696
998965
991048
994959
996485
972961
978472
975934
991573
987740
998987
998383
988269
908589
999107
267661
996055
973979
953259
986909
869038
985728
980210
999340
999989
984487
638770
715522
962309
993730
982869
967365
992083
946260
993131
999734
941961
996278
986121
984020
963821
991279
995574
940252
959812
956343
971513
977218
968991
855434
980987
991919
946868
951748
994771
947967
973786
957317
950519
950651
987285
998507
405073
980971
994178
985925
887849
980378
997241
996571
991307
999070
999500
917821
951796
860102
990055
963344
993171
998551
995325
996111
988373
993731
964045
997615
994046
987506
982388
996903
988568
996229
991119
985601
992234
972257
971951
994716
957483
999361
980907
993552
975404
998314
992437
984823
988516
982002
994935
986299
984018
959730
994084
999831
248684
999999
995557
977066
967125
999491
899944
988756
975958
896054
701687
981826
992943
977682
997220
975302
981854
960096
952601
988656
995772
997574
982352
994824
999375
996519
958523
973319
917361
992863
977764
981879
999930
991537
986912
982480
967671
994330
999662
976895
981538
996839
997505
971993
986348
973246
982076
999448
961154
973812
982031
976651
949895
871007
968884
961776
994907
963528
993513
718011
922884
987224
848183
935190
614718
954986
960251
976699
963278
999470
555090
995274
995326
988705
982172
967475
963820
986525
919477
972370
995528
994619
951662
997964
985104
996364
952706
911722
740892
981475
988661
999390
933145
999418
990059
984692
990684
999083
990028
967830
995826
914571
977300
985509
994158
913311
972972
995746
898617
978865
931525
936947
929282
984508
966794
971004
998590
999257
993589
997402
982706
978721
949102
998621
999703
962325
996621
984341
992382
996028
978475
994208
975439
991142
987307
989611
946599
984128
993811
998380
991672
490266
998396
991152
997062
996391
994896
794531
999199
958636
994168
991774
988229
997766
981696
970737
987592
985646
977515
957298
978911
858471
994523
993034
957632
984418
995114
999827
998909
344984
952213
942429
992704
993137
987262
998607
860750
994535
941199
791600
871872
998573
998867
999772
998658
995379
999766
999919
998906
999400
999123
997876
999452
999050
996153
999519
