0
1
1
0
4
2
0
0
0
0
15
1
0
0
1
3
0
0
0
0
1
0
0
0
0
1
0
10
1
0
0
0
1
0
1
0
0
4
0
0
0
3
0
0
1
0
0
0
0
0
6
0
1
1
0
0
1
3
0
0
1
1
0
1
56
1
1
1
1
1
0
0
0
3
1
1
10
0
35
6
3
0
1
15
0
0
0
1
0
1
20
10
0
1
0
0
1
0
1
1
0
0
56
1
1
0
0
0
0
6
28
1
1
1
0
0
1
1
1
1
0
1
0
0
3
0
1
2
1
0
0
1
0
1
0
4
1
1
1
10
1
16
1
1
0
1
0
21
6
0
0
1
1
0
1
1
1
1
1
0
7
0
3
1
1
0
0
0
0
1
0
0
0
21
45
0
1
1
0
0
0
1
0
0
1
0
1
1
1
0
1
0
0
0
1
1
1
0
1
1
1
1
0
5
1
4
0
0
2
0
0
6
1
1
1
1
15
0
0
0
1
0
1
0
0
1
6
1
1
0
1
0
1
10
0
0
0
1
1
0
0
1
0
1
0
0
0
0
0
0
0
7
0
0
0
1
0
0
1
0
1
6
0
1
1
0
0
0
4
1
1
4
1
0
1
0
0
1
0
1
6
6
0
2
0
3
0
3
4
0
1
10
3
0
2
0
3
0
0
0
5
0
2
0
0
0
1
3
0
1
3
1
0
0
0
2
1
1
1
1
0
1
1
1
0
1
1
0
0
0
4
0
1
1
1
1
0
0
0
1
10
6
0
16
1
1
6
1
1
1
0
1
1
1
5
0
0
1
21
0
0
12
1
0
0
0
1
0
0
1
3
0
0
1
0
10
1
1
0
4
0
1
1
3
0
1
4
6
3
0
1
0
1
1
0
1
1
0
0
1
1
0
0
3
1
18
0
0
0
1
1
0
0
1
0
0
2
2
0
0
1
0
4
0
0
0
0
0
0
0
0
0
2
1
1
1
0
1
1
1
0
1
10
0
1
1
20
0
1
1
126
0
0
6
0
4
0
1
10
0
3
0
0
1
1
6
1
1
6
21
19
1
1
10
0
0
1
0
8
4
1
0
1
0
0
4
1
0
1
6
5
1
1
0
0
0
0
1
1
1
4
10
6
1
1
0
1
1
3
0
0
0
1
1
56
0
1
1
10
1
1
1
1
0
10
0
1
0
1
0
0
1
0
1
1
0
1
1
1
3
0
1
1
0
0
5
0
0
1
1
0
0
1
10
3
1
1
15
1
0
0
3
0
0
10
0
1
1
0
10
0
0
0
0
1
2
1
1
1
0
3
0
30
3
1
1
0
0
1
1
1
0
1
4
0
1
1
0
0
0
1
0
0
0
1
0
5
1
20
2
0
5
0
1
3
10
1
1
3
1
0
1
1
0
1
0
0
1
4
0
0
1
3
0
1
1
1
1
2
1
0
3
56
1
0
0
35
0
1
0
0
0
1
1
0
0
1
1
10
0
10
0
0
0
0
1
0
0
20
1
1
1
2
1
1
0
1
2
3
0
15
0
0
0
1
0
2
1
15
0
0
1
0
0
1
0
1
0
0
0
6
1
0
1
1
0
0
0
0
0
0
0
4
0
0
0
0
0
0
0
1
1
1
2
2
1
0
1
0
1
0
0
1
0
1
1
0
10
0
0
1
0
1
0
1
0
3
1
0
0
0
1
0
1
3
0
0
0
1
0
0
1
0
1
1
0
1
0
0
1
0
1
1
0
20
0
0
0
1
1
1
0
0
2
0
0
0
6
1
0
0
0
1
0
0
4
0
1
0
1
3
5
1
1
0
1
1
1
1
0
0
0
1
1
0
0
0
21
0
1
0
1
0
1
0
0
0
5
1
1
0
0
0
1
0
0
35
0
1
1
6
0
1
4
0
2
1
0
3
0
0
15
0
1
0
0
0
1
0
15
1
0
0
1
1
0
0
0
4
6
0
5
0
0
1
10
0
1
35
20
0
1
0
0
0
1
1
0
1
0
0
0
0
0
10
0
3
1
1
0
3
0
5
1
0
0
0
0
0
18
6
1
4
1
0
0
0
0
1
1
1
1
0
0
1
0
1
1
3
0
0
0
0
6
1
6
0
0
0
1
0
4
0
0
4
1
0
0
1
0
0
0
2
7
0
0
1
0
1
1
0
21
0
0
0
0
1
7
1
0
3
30
0
0
0
0
1
0
1
1
0
1
1
0
1
1
0
2
1
0
20
6
0
0
1
1
1
0
1
0
3
1
0
0
0
0
1
0
4
0
1
0
0
0
4
0
0
3
2
0
35
1
1
1
2
0
1
1
0
1
1
1
20
28
0
1
3
1
0
1
0
1
5
4
0
0
1
0
15
1
0
1
0
0
1
1
1
1
8
1
0
0
1
1
0
1
6
0
1
0
0
6
84
1
0
1
0
6
0
0
1
0
1
0
1
1
1
2
1
1
0
0
1
0
0
7
0
1
1
1
56
0
0
0
0
1
0
1
1
0
1
1
1
0
3
1
3
0
0
1
0
0
4
1
0
0
0
1
1
1
3
1
0
0
1
0
0
0
0
0
1
4
0
1
2
1
0
1
0
0
1
0
0
0
1
1
3
0
0
21
0
0
6
0
0
0
21
0
1
1
0
0
1
0
0
0
21
1
0
0
1
0
1
0
1
0
0
1
0
0
1
0
15
0
1
0
6
1
1
35
0
1
1
0
35
0
1
0
10
1
0
1
1
0
1
0
0
0
1
1
0
1
1
1
0
0
1
0
1
1
0
0
1
21
0
1
0
0
0
0
0
1
7
0
0
1
0
0
1
0
0
2
1
0
0
0
3
10
1
1
0
0
0
10
35
1
1
1
4
0
0
1
0
0
2
1
1
0
0
0
35
0
1
0
1
0
1
1
2
0
2
0
2
1
20
8
0
1
1
0
0
1
1
0
0
6
0
0
0
15
10
0
0
0
0
1
0
0
4
0
7
1
1
0
1
1
3
0
9
0
1
0
0
0
20
1
6
0
0
1
0
3
0
6
1
0
1
0
0
1
1
0
0
0
0
0
1
0
0
1
0
0
3
1
0
0
4
0
0
0
2
0
1
1
1
1
0
1
15
0
1
3
1
21
0
6
1
0
1
0
5
0
0
0
1
1
3
35
0
0
0
0
1
0
0
0
0
0
1
1
1
1
0
1
1
1
1
1
1
0
0
0
1
1
0
1
0
0
6
1
0
0
0
0
1
16
0
0
0
0
1
4
0
1
0
1
1
0
1
1
0
1
1
0
56
0
0
0
0
5
0
1
0
7
1
15
0
1
1
0
1
0
0
0
0
4
1
1
3
4
0
0
1
3
1
1
0
0
0
10
1
5
0
1
1
0
0
1
0
0
0
1
0
1
0
0
1
20
0
0
1
19
0
0
0
1
0
1
0
0
1
0
0
1
2
1
1
0
0
1
0
0
1
0
7
0
1
0
21
1
1
0
3
0
0
1
0
0
0
0
0
0
1
1
0
1
0
3
10
10
0
1
1
2
0
10
3
1
8
1
1
1
1
0
0
0
1
0
0
0
1
1
1
0
1
1
0
0
0
0
10
0
0
1
0
0
21
0
1
0
1
1
1
1
0
1
2
0
2
1
0
0
0
0
0
0
0
0
1
1
1
0
0
1
1
1
0
1
0
1
0
1
1
1
0
0
0
21
1
1
1
1
16
0
1
1
0
1
0
0
0
1
1
3
16
2
3
0
1
1
0
0
70
2
0
1
1
1
1
0
3
0
0
1
0
1
0
0
5
2
1
0
1
0
3
1
0
0
0
1
0
0
1
0
4
0
1
1
0
1
0
1
1
7
0
0
1
5
0
1
0
0
0
0
0
0
0
0
1
0
0
2
1
0
0
1
1
1
2
0
0
1
84
6
1
0
1
1
0
1
0
0
1
0
1
20
1
1
0
0
3
0
0
0
0
0
0
0
0
0
1
0
0
1
1
1
0
0
0
0
0
1
1
0
1
0
0
0
0
1
0
1
1
1
0
0
0
0
0
84
1
1
1
1
0
0
0
1
0
0
1
1
1
1
1
0
0
1
1
0
1
1
1
0
0
1
1
1
0
0
3
0
0
0
51
51
3
5
1
1
1
0
0
0
1
30
0
0
0
1
0
15
0
1
0
1
1
0
0
1
0
1
1
2
0
3
1
0
1
0
0
1
2
0
0
0
0
1
0
0
0
2
1
0
0
3
0
1
35
2
10
1
0
1
1
0
0
0
1
1
1
0
1
1
0
1
0
1
0
1
1
2
0
1
1
1
0
2
1
0
4
1
0
1
0
1
1
1
1
0
0
1
3
1
15
0
0
1
1
1
0
1
20
0
1
15
0
1
0
0
1
0
7
0
1
1
1
1
1
4
1
1
1
0
1
1
4
1
0
0
1
1
1
1
10
1
3
1
0
1
0
0
1
1
1
4
0
10
1
1
0
0
3
1
0
1
0
1
0
1
1
6
0
1
1
1
5
4
0
1
0
0
0
0
927983760
0
0
73006208849
0
0
561
0
0
109192
38320568
0
0
0
0
1
1122
11
0
0
0
0
0
0
0
0
0
56
0
0
0
735471
2024
0
0
0
0
116280
53004
0
0
0
6
17474467960
0
22597760
0
15735
0
28
0
0
0
0
210
0
0
0
0
18
0
0
0
0
20634273
0
5005
0
0
2035800
0
0
3
351
244662670200
0
0
0
0
0
2002
91
1107568
435897
15905368710
0
0
0
817190
0
0
75582
11901
1
0
962598
0
1365
0
0
0
608359048206
0
1
0
0
5200300
23
0
0
70
969
593775
0
0
0
8145060
0
0
0
0
0
0
7315
8855
377348994
1
0
300
0
1716
0
116280
0
0
2460354
43
20475
51895935
6354
0
0
0
0
27405
278256
0
0
25
5120
817190
0
0
0
0
0
0
67830595
0
0
0
91
0
0
0
715
0
35
0
1078497
0
0
0
573166440
0
0
177100
0
0
20
4059928950
0
346104
43758
36
13122989
0
0
0
0
0
0
0
0
630
4960
0
10
3562467300
0
190
9364199760
0
0
347373600
0
490
0
12376
0
0
13
0
0
0
0
142506
0
75582
513791607420
0
0
0
0
9611800
4495
84
0
0
239877544005
0
13033527
15
0
1
347373600
0
11058116888
0
0
0
0
13820950
0
7770
28760021745
27456
0
490314
0
0
0
20025810
26334
1
0
0
0
168
116280
816
35
51894752
0
1
319770
2481626928
20475
0
13300
325
0
118755
0
29
27132
0
28760021745
23206929840
0
10872
0
8830
0
94143280
2002
593726
539689273
0
0
11
0
0
0
28
0
0
5985
35240152495
76977360
2300
0
3081078
0
14307150
2319959400
393
0
42504
0
0
2628615
37711260990
352716
2818953098830
0
0
73578
0
21
0
7863500892
0
1251677700
0
0
0
0
1
0
455
0
0
3264
0
0
0
0
0
0
5456
21
0
0
0
0
0
0
22590967776
1
12
0
3773655750150
35240152720
2333606220
6505
0
2220075
0
0
2035776
347373600
948336075
5
2925
0
20
847179190
735471
28
0
36
0
1166803110
1
15
0
15471286560
43032
0
0
0
861
0
0
0
1
4368
1771
486
33
0
0
962803170
863109
666
0
0
1140
1
0
0
324
0
0
38608020
0
0
0
0
0
1961256
0
0
2578095
26334
1
0
7890371113950
0
0
0
0
0
273438880
23751
6188
61915
10725
0
0
0
715
0
0
0
0
0
0
19448
0
0
0
5005
0
1
0
0
1
0
0
0
44352165
0
17672631900
0
0
184756
3268760
378
0
490314
0
0
0
0
0
77520
92561040
0
3268760
0
1
347373600
244662670200
0
0
0
0
10295472
0
705432
4537567650
296010
0
1287
0
67863915
10015005
117
0
0
5586829820
0
80730
0
287696084
300
1
0
0
0
0
0
0
0
0
0
3654
2300
0
969
0
0
0
50388
0
98280
16
269128937220
7453952
0
5
0
0
4271984
141830
0
1579686240
0
0
703
0
12650
0
33578000610
0
0
233331
157950
287696084
927983760
0
0
0
0
0
0
19
0
8436285
345144
0
0
0
265182149218
0
166509721602
0
34597290
0
0
2300
837100
0
4395456
0
165
0
0
633726
1
0
0
0
91390
0
0
5005
1184040
0
5456
245157
66
0
0
0
1961256
0
0
0
141120525
220
105
190
0
273438780
8436
0
66
0
18156204
0
8436
0
1423461
2002
1
52860229080
37
0
0
40166
20160075
0
1081575
0
354817320
0
0
0
0
1
0
1144055
293930
8347680
0
0
0
3276
17383860
3268760
140531240045
20
0
286
0
18351
263365479
0
203490
35
0
0
0
0
560
0
27385657281648
571005
0
8436
0
0
0
0
17892
0
0
0
108
0
169911
210
0
0
0
0
927983760
0
0
0
210
10350421
0
2203961430
7
31932604
91
0
1915356
0
17383860
0
1961256
0
435
0
0
101270
0
5984
6
1
0
15
20349
0
31465
1
22
817190
0
0
0
888030
2203961069
300
24
0
0
0
113380261800
0
42
0
0
0
0
0
220
0
0
0
7735
664877884056
35960
0
50258325
0
324632
1623160
0
0
0
0
0
0
0
0
0
0
0
6213582
5
0
1365
9102
0
0
0
0
0
0
406
0
41
1
0
0
0
0
0
0
0
276
20475
0
0
134596
9640135260
0
23751
4840
0
30
4495
13037895
3174
13992
364
12376
4568648125690
0
0
56
33578000249
1
74613
0
0
4
26334
0
190
0
4292145
4537567650
23
0
77558760
924
0
0
0
14
0
0
0
0
0
1
0
0
0
1081170
0
0
0
330
0
2381929
646646
0
9139
0
0
0
0
58905
0
0
352716
0
75582
0
0
2104098963720
0
0
0
0
24310
0
0
28
0
0
0
31824
0
0
1365
62712
2495948
0
0
0
0
511738760544
0
1307504
0
905996
2002
3876
0
615
0
286
0
0
0
0
0
0
0
0
480700
33
45
2024
0
0
4484376
0
4
0
0
18
0
0
0
276
0
3003
0
0
66
554522220
0
0
172
3003
1
1
3400
475020
455
1
975338
0
4537567650
1
11628
1
0
1184040
0
27
4292123
1
0
1
0
30
20349
22480980
0
0
38608020
48903411
0
0
0
0
0
0
0
0
0
35
11
0
0
0
1
0
1177704
472733756
657800
0
6196
0
11440
27
0
0
17
0
30
0
0
76904685
0
1144066
53130
834451800
0
0
2925
0
465
0
0
1
0
0
4845
0
0
3838380
45
560
0
5852925
0
0
7726160
0
0
2042975
2939572187
10518300
0
