  7
  3
  6
  1
  3
  3
  3
  2
  4
  5
  3
  2
  4
  6
  3
  1
  5
  5
  5
  5
  9
  5
  5
  9
  4
  2
  3
  4
 10
  3
  3
  6
  6
  2
  5
  4
  2
  6
  6
  4
  4
  3
  4
 16
  4
  5
  2
 13
  2
  2
  2
  5
  4
  7
  3
  2
  3
  4
  4
  2
  1
  3
  2
 23
 10
  6
  3
  2
  1
  6
  4
  5
  3
  6
  3
  7
  3
  3
 23
  3
  2
 11
  5
  4
  2
  5
  3
  5
  2
 11
  4
  3
  3
  3
  4
  7
 11
  3
  4
  1
  1
  4
  2
  4
  3
  3
 11
  5
  6
  4
  4
  5
  2
  5
  2
  5
  1
  5
  4
 10
 11
  2
  4
  4
  9
  3
  3
  2
  8
  4
 22
  8
  4
  4
  4
  5
  5
  2
  2
  4
  2
  4
  2
  7
  4
  3
  3
  4
  4
  1
  3
  6
  5
  4
  6
  3
  3
  1
  3
  4
  4
  5
  6
  2
 11
  3
 15
  4
  9
  3
  5
  3
  3
  3
  4
  3
  3
  4
  4
  6
  5
  4
  7
  5
  5
  5
  7
 12
  3
  4
 16
  1
  6
  4
  6
  5
  3
  4
  3
  3
