184
168
6
1
115489752
1
5784
110565
6404604450642
1
128090
0
0
16
95917636835552
694328
5884196500
223642174257
11380299324
2646
105468
2098208
2642
1621337811
6030
184
592
3307292959410
2832014691132
5
1
37791319173
1
4841991
16
7921065
1483785780694192
213639486048
15098112
660600
0
1184740817764
12
16
0
396
47319986376176
5528
15059408170
65155968
1481984003522508
1
117086850
572920128
2160096
2774155982103
184
2
345
232852941909
238
6
2
0
2642
50764584
2181529
48307136800
50764584
2
1737216
911642
467843350146
911642
143385
1312087344
0
0
20
30
1
2
3
16
6
54264
98630205152220
2
911642
2852904163539
6433422901675
0
0
87864182100
1717
4
36
256773510
0
340
0
1322117981
372
3
0
16
7849053000
15059408170
20793594
1286943876
0
5929
124
7421
0
45514
8112315199986
1
23893878
1408520349721
184
2
16
417
911642
1202167217062
2
1472
2189142
37863227550
0
42797160
7917465776
24
50969104
0
50538012
0
1
2812986011308
1
307454868
0
1483682395505570
181743008304
0
0
44
50794338
47319986376176
29625
16
3125371914
87986122390
8584104106680
44
1
0
451239417000
12337236
157370408
2
6415000871706
467843350146
6552932985
114825600
104190
2705246021700
58453480
0
1312300808
249018351527
2
2
44
2
15059408170
1
0
6
89976483968
0
357636708
8585
89503605760
792
20793594
604
115602824656
16
911642
6332127585504
192
98192295426
6338289625200
3
1
5528
564360060582
0
39803696733901
1
122243646969828
2165952
0
1
16
184
0
1
2689072644
6030
24
911642
23784
0
89981844232
2
254880
0
0
15815643320036
2
2742845797872
1
258344711361
37001920506
6880167
13962624
184
2826605
45514
0
97086197167200
911642
13725180
299839716495
20793594
285763590
0
16
553008
130
2176864
0
43799470440
390
144
24544
1
6250216779720
621260
1484254994486558
916
1344822123
184
1
64769400
0
45514
1
30794400
372096
2193361
0
16
11002142844
184
0
17081
3693713643
1
0
2
37654116570
0
0
90061546170
7085187963280
0
1
2642
0
54
6669672000
0
1
6
106642
1
50431395
3
184
107915
0
0
20938
0
36880
0
104728393308
1185705767802
299700
1
1
1314028312
1484971399663562
37776669347
282802896
20793594
201715553556
5040329
3730614720
2642
113151744
1386
110565
1186700594100
340987248
2
3041793051
1
3
7880364
8096175
0
9286228708068
514
22970
0
439317666900
372
68
0
110490640
5
21152880
45514
390
1437816864
0
663184
1
8585
20793594
310
1
6919
73
42219211107
1
38323234572
5
1
16
1
2642
1
952917
467843350146
4979538
967764
0
72
2
2642
0
6
0
410655
0
1
0
1
86778109152
201405266370
1
0
105478093980
1
2
911642
184
1287498564
8464
3711955720
308
0
467843350146
0
1
0
9904700599976
0
0
113605672
780
6398982764748
0
33015528
3343482626540
0
5
184
2565193
1625482200
0
1
7123530960
149476536
110565
16
0
52015292
1
5
184
1164510209353
7390867680
0
16
2642
3749760
1184605427152
36
1165952626536
2
1
7421
3
1224884736
218410044
8751853560
117
0
6030
467843350146
20793594
193283822616
20793594
26064
531713286
180
0
0
1
1
184
117913356
531713286
1
2
8503680
0
6260139
340
0
475
0
2098208
866628
0
2840
0
1317932100
755136
1260
163572255
16375950630
2181529
1
3632980
332683389
34793589376
1
1320586542
1
0
17547621000
2175920
106642
15915960
16
1184764089879
40229740200
131408654
8587920
0
911642
184
2000
3045748910
1
184
0
16
0
142414
531713286
0
0
39303512820
2992448468
210
2642
1
45514
340
40374976126152
0
41401062360
237804
0
202182487749
8376338942496
184
1
16
16
0
530376
4829139
41496
2
1317904560
396
0
100326
15059408170
62139
5
1
5975
119009553
372
531713286
2565193
0
967764
1
3
6262
40402605654697
144
36652
1367296
3678593555
577912024460656
106642
0
2841750
19607940
1417248984668
2
1
0
0
0
2
38031333683
4
2955028797
0
1
6228785491839
107028
30
6262
2642
2754433173888
6
128090
0
45514
2
6
64145095
0
345
110565
6880167
531713286
201243
3931524
911642
0
7
28
10764
52125454
1
293220
0
0
1
1
2
2192487
0
563260795752
26057687040
2
0
2
0
97753640
17436
0
2813742413955
911642
1184954954536
2
142013408
2642
345
2880007703694
3
28420
488509312032
0
1287498564
2
0
86704812544
1
2706892560
245532
340
516465600
2
6513609478257
3
0
0
5879559392784
0
3667820211
40352857292784
178592400
151
9793358352
1
15020
2642
0
37791319173
805490109
44
17130
1176
45514
0
5975
107152
0
0
60
852925080
345
0
2663372184
9571358752
2642
45514
2642
0
5720
141299968
20793594
40358530030795
1707475
0
110678976
184
90427063036464
7510
8464
3450915846
2204201
141705600
54
2
1
683858
3399047488
44
6
0
2642
530281700520
47276695799137
417760
294056
15059408170
1
1
1
23064
1161309600
144070975
400175559
2
115687906524
0
2
1182580511160
774
17713200
54
12474
15059408170
114870000
677927680
95843881630224
348820698240
1
911642
6262
2595250737480
6005603940
224580
186
144
1
16
6
18
16
7962187742064
2
12944360
911642
90184530416
36
30
3083914944
6
2642
106642
2
45514
11200
276600
40273047758185
184
911642
45
255960
2813992866647
63918888
3999928
1
250560
10
54
87371800710
6
266686837450
6929404
514
107028
16
37861735860
98682046117893
7486468765158
1
531713286
0
2874585
208053530586
1
0
1430
8425827648810
230854374
130637784
32886150
14682503880
16
298597320
0
0
0
0
142801200
49279422
0
0
2
2692530624
15059408170
40
99918
0
2
54
1
0
389400056640
0
2642
293604
5975
3
184
45584830928
4567680
0
2835
81508
184
15815643320036
106461
16
45514
396
2
0
241376760
911642
1483673663894576
1186615390925
515987928672
184
4140
196230903462
1190
1
2
11421
254880
5886604416
14998913160
2642
10770928172280
160281432
5
5784
15059408170
2
34841016
107152
0
20793594
8232
6084409450
2
323484096
44
13068000
184
222024
291988638
0
2
0
106701411870
18387075168
68
6
106642
218652
0
184
38976
106928
11473078626
1
113205600
27824256
4183834388
52028653
0
8316
0
10878912
6329046356424
0
0
16
2117196
8585
1312087344
0
331550010
2098208
1
2642
335
1
390
143385
16
16
20793594
99485964732
2
2642
30990540
136
2642
0
16
222929899236
1172160
0
1185705767802
0
111616307829000
13904
40353572039400
27720
0
0
49
531713286
184
91790700864
16
5
0
16
1
1
2
36
13008320864
0
14212
390
16
1
603345
0
5423
268388261160
184
6317440481032
4716684
0
4101145362
2642
2
27720
2
3705656045
514
45514
158947236
64353520
0
1409400
459014390296
1
0
2
1
18
2642
5528
1059960
911642
1466449940558448
184
1
0
1621337811
20754760950
15522720
24
0
126144
1
0
6880167
6523230
2
363749022
2
1
184
8784722240
565755804960
90008521448
248808
84651671700
116722914
12
2160096
5
1466459700019356
6
15059408170
911642
114839375
45514
1656
107152
1164510209353
2
372
1
235764
1
2016
7692
0
4523065902
28880
1
160067968
1
1
5784
1
0
0
1
5975
0
417
2
467843350146
40552847859190
19724979960
8057538270340
517887166896
1
5015962
3900476
340
6030
5528560
0
6999874
5975
16
39
604
911642
2
1
32383833372
239439
911642
0
786380832
0
117
30
0
0
1186579169016
226100
0
3075358745
345
2249026
20793594
1
1
9111583080
0
201469350600
144078579
37654116570
0
1184917154521
2384728
5720
4620
3
2
4747216
7947862166016
3105407982
1320370260
531713286
39
276162078450
2189142
8
1
2
1
1185706534536
54
130196484
0
123913152
20793594
1
19215
1320586542
0
184
1
184
1
0
2961
390693020058
1
100326
4
1
16
2204201
1719810822397032
2
48
107087097590
911642
28
263084
16
14377044
16
0
0
37825695078
1656
16
0
40353989970708
357850
96
16200
0
15059408170
1483785802901034
45514
7012895070016
2
98021153851768
116646750701
1
104690
1
31589514
15
23640
16
6057765504
2093809
144
22696209911206174
2247870
0
927936
184
50724538
22696209911206174
184
29143526220
30
22696209911206174
1320370260
7929310402080
50890911
248375737940
0
3161534646897
45514
7385
858800000
16
7297414971
1491
161976
116642257698
2642
0
2159016
45514
26963560260
1800
0
396
677535
1980
1490455
6043240
115771344
1397088
2642
58453480
1
2
0
51380
143385
1
28
0
54
0
5927346605466
5919576739056
20793594
911642
7686
3595414811298
342664
249560250
1485
514435776
8535360
142414
956
15059408170
1322117981
0
63918888
3103046110
117712980
4421802
16
5720
3297627680220
2
14540
0
911642
183656386800
7063654216
16
18903188700
336
0
0
315020853
129799380
431739
0
50969104
0
666144000
1318811000
0
2841750
0
7399071176832
15815643320036
54542337600
2
4898448
1
1
37786910070
90630
696408914520
0
2
3068352
0
1
1200
2642
13801720
20793594
1
0
10419500
44
8820
1
0
0
36288000
17380
1
197399484288
99218
0
911642
1
112953216
2919657079665
4764165
1
251655482529
1172076876800
24
0
0
50969104
2
5776
50680
9208606176
18024
1
0
1
40831199949396
36
0
339225984
0
0
0
0
45514
11360
345
2484
184
8
40273047758185
0
8609760
15026788128
250468335810
0
0
4832658
41181119
45514
577912024460656
1
0
0
3041793051
604
1
15856
36
1438549024
47573949645324
1
89757780460
0
13524
3
2879197488
21777880
1
0
1
352896676
142414
52125454
15059408170
600896
1256580
100326
228626
7119728
499584014336
16
30
39805591261293
1
846036
2642
15180
0
0
652722111
0
2
22696209911206174
184
0
1344795440
2181529
98144743296012
64090206
24
12
0
44280366240
10443624884
911642
1
40357428228558
962
5476
50738484
340
1306800
1483814249536416
0
0
1
0
36
121406387979300
0
3105214841
1
2642
110565
9553037192140
1
2
15815643320036
911642
7413704000
1719604064035881
151
1185713522862
307230
115594508844
80319760668
585
9267840
0
1
2642
15406251840
0
37786910070
240
7917152
115197684
37777056696
417
0
34992
121527587446364
1
4261152
911642
1481269039485840
1
308673680
3101730221
88141533980
0
235818
40357721018457
396
16
0
9004965480
926914269
337614606
28272
224580
5929441
35460
4524108068
4183834388
3102
72
531713286
0
708
137466784
0
8316
467843350146
417760
1
12835482
514
278425
1
88555511832
45514
0
0
11200
1
1483777944910800
1185705767802
390688
16
252600
0
4680
801239648
0
101435
1
49
0
11318016
15059408170
1
16
6
63
0
389699712
0
668556
0
97415121800496
1
88741980740
2
1296392336
0
0
1
99
107843670
