0
2
3
-1
1
0
0
-1
2
0
2
2
2
2
2
2
2
2
3
9
4
-1
8749
-1
4
-1
0
0
5
3
8
-1
-1
-1
-1
-1
-1
-1
-1
-1
-1
4
8
4
2
-1
1
4
3
8
-1
-1
3
7
-1
-1
-1
5
5
4
-1
1
6
0
-1
7
4
-1
7
-1
-1
8
3
7
8
-1
-1
7
2
-1
-1
-1
4
3
-1
-1
6
5
-1
6
4
-1
-1
5
6
4
-1
-1
8
-1
4
4
-1
-1
-1
6
8
-1
6
-1
-1
-1
8
-1
6
7
-1
-1
3
8
-1
3
-1
-1
7
3
-1
4
-1
5
-1
0
-1
7
-1
-1
-1
-1
-1
7
2
-1
8
5
4
-1
6
-1
1
-1
8
-1
0
-1
-1
1
-1
-1
-1
7
-1
-1
8
3
-1
6
5
2
-1
-1
4
5
-1
7
-1
7
1
-1
7
8
7
2
-1
6
6
5
-1
6
5
5
1
7
0
2
2
6
7
5
-1
-1
5
-1
-1
-1
-1
-1
-1
-1
3
-1
5
3
-1
-1
0
7
8
4
7
8
3
-1
3
6
5
-1
-1
2
7
4
3
-1
7
-1
-1
-1
-1
-1
8
5
-1
8
-1
3
7
-1
1
-1
-1
3
-1
5
-1
-1
4
-1
7
8
2
8
3
-1
3
3
-1
5
5
0
7
6
-1
7
5
6
-1
-1
-1
6
-1
1
-1
-1
5
8
-1
-1
-1
6
-1
-1
-1
-1
-1
-1
-1
-1
7
-1
-1
4
8
-1
-1
-1
4
-1
7
4
-1
-1
8
5
5
6
-1
-1
4
-1
7
8
-1
7
-1
1
-1
4
5
-1
-1
-1
-1
8
4
7
5
-1
0
-1
-1
-1
4
-1
2
-1
-1
8
-1
3
-1
0
8
7
-1
-1
8
-1
-1
3
-1
7
4
5
8
6
-1
3
-1
-1
-1
7
4
-1
2
1
1
3
7
-1
-1
7
7
7
-1
-1
7
8
2
-1
-1
4
-1
6
2
-1
4
-1
-1
5
-1
-1
-1
-1
-1
8
-1
-1
-1
-1
2
-1
6
4
-1
4
-1
-1
-1
3
7
4
2
4
-1
-1
-1
-1
2
-1
-1
-1
8
-1
-1
-1
5
2
-1
-1
7
-1
6
5
4
-1
6
-1
-1
-1
6
5
0
-1
5
-1
-1
4
-1
2
-1
-1
7
7
7
0
0
7
7
-1
2
-1
3
5
0
7
-1
1
-1
7
-1
7
7
-1
-1
-1
-1
4
8
5
0
-1
-1
2
7
-1
-1
-1
-1
-1
5
-1
2
8
-1
-1
3
-1
6
7
-1
3
5
4
3
-1
-1
8
6
6
-1
5
0
8
6
-1
-1
9
-1
7
-1
-1
-1
7
-1
0
-1
4
4
-1
-1
0
-1
-1
-1
8
8
3
-1
6
4
5
5
-1
-1
8
-1
5
4
8
5
2
-1
0
-1
-1
-1
5
-1
-1
-1
4
-1
-1
-1
4
-1
-1
8
-1
5
-1
-1
3
-1
7
-1
2
5
3
-1
-1
8
-1
8
-1
-1
6
8
-1
7
-1
7
1
1
-1
-1
-1
1
7
-1
8
108
25
178
45
28
95
23
164
38
129
15
109
66
80
160
77
83
79
152
1
152
93
70
53
157
73
21
158
22
20
22
118
19
53
84
148
29
101
113
88
169
41
189
132
-1
114
179
164
169
32
95
28
125
127
32
136
157
180
97
78
184
174
124
111
146
0
151
112
175
78
33
-1
135
84
-1
56
-1
74
68
167
11
90
60
72
105
29
87
115
192
193
-1
169
131
184
170
38
30
42
94
58
186
172
24
71
193
139
193
174
172
182
-1
86
88
156
-1
187
33
56
122
-1
69
97
171
84
-1
179
53
-1
183
164
20
101
24
91
171
151
177
133
64
81
148
108
88
69
198
95
98
30
78
106
173
102
150
116
150
-1
26
9
175
46
25
21
112
102
64
45
191
40
95
100
74
36
55
186
117
94
190
148
108
60
69
194
106
112
183
135
0
141
109
86
22
167
50
116
76
170
97
46
164
36
32
15
24
83
175
124
101
47
9
176
64
130
12
85
42
30
30
165
150
166
39
28
-1
51
142
184
123
107
22
-1
137
140
126
169
165
-1
0
13
56
119
49
82
181
139
48
56
82
109
143
87
155
156
107
183
72
24
-1
78
156
153
96
72
100
87
47
180
-1
145
82
106
45
178
102
30
97
83
41
-1
16
76
134
143
105
157
101
22
166
146
50
122
152
98
118
146
-1
77
140
152
180
74
75
-1
117
73
158
18
164
-1
18
13
-1
86
67
-1
156
114
89
70
88
158
159
150
96
37
116
28
38
149
63
126
106
72
23
82
-1
-1
102
183
44
61
25
62
64
116
149
31
66
98
47
75
49
172
46
69
158
168
178
87
62
157
17
38
181
79
111
101
139
191
169
-1
0
581
5846
5031
6413
6498
5461
8729
2239
9776
372
3709
6519
1854
4705
437
5763
2107
4823
7389

